<?xml version="1.0" encoding="UTF-8"?>
<testng-results ignored="0" total="4" passed="4" failed="0" skipped="0">
  <reporter-output>
  </reporter-output>
  <suite started-at="2022-06-02T07:26:37 GMT-07:00" name="Suite" finished-at="2022-06-02T07:27:58 GMT-07:00" duration-ms="81361">
    <groups>
    </groups>
    <test started-at="2022-06-02T07:26:37 GMT-07:00" name="Test" finished-at="2022-06-02T07:27:58 GMT-07:00" duration-ms="81361">
      <class name="mindtree.minds.Trackorder">
        <test-method signature="Test3()[pri:0, instance:mindtree.minds.Trackorder@47faa49c]" started-at="2022-06-02T07:27:48 GMT-07:00" name="Test3" finished-at="2022-06-02T07:27:58 GMT-07:00" duration-ms="10068" status="PASS">
          <reporter-output>
          </reporter-output>
        </test-method> <!-- Test3 -->
      </class> <!-- mindtree.minds.Trackorder -->
      <class name="mindtree.minds.TestCase1">
        <test-method signature="Test2()[pri:0, instance:mindtree.minds.TestCase1@3232a28a]" started-at="2022-06-02T07:26:52 GMT-07:00" name="Test2" finished-at="2022-06-02T07:27:08 GMT-07:00" duration-ms="15856" status="PASS">
          <reporter-output>
          </reporter-output>
        </test-method> <!-- Test2 -->
      </class> <!-- mindtree.minds.TestCase1 -->
      <class name="mindtree.minds.Testcase3">
        <test-method signature="Test1()[pri:0, instance:mindtree.minds.Testcase3@73e22a3d]" started-at="2022-06-02T07:27:08 GMT-07:00" name="Test1" finished-at="2022-06-02T07:27:48 GMT-07:00" duration-ms="39933" status="PASS">
          <reporter-output>
          </reporter-output>
        </test-method> <!-- Test1 -->
      </class> <!-- mindtree.minds.Testcase3 -->
      <class name="mindtree.minds.Testcase2">
        <test-method signature="Test4()[pri:0, instance:mindtree.minds.Testcase2@67c33749]" started-at="2022-06-02T07:26:37 GMT-07:00" name="Test4" finished-at="2022-06-02T07:26:52 GMT-07:00" duration-ms="15409" status="PASS">
          <reporter-output>
          </reporter-output>
        </test-method> <!-- Test4 -->
      </class> <!-- mindtree.minds.Testcase2 -->
    </test> <!-- Test -->
  </suite> <!-- Suite -->
</testng-results>
