<?xml version="1.0" encoding="UTF-8"?>
<!-- Generated by org.testng.reporters.JUnitXMLReporter -->
<testsuite ignored="0" hostname="mindfeb879" failures="0" tests="4" name="Test" time="81.361" errors="0" timestamp="2022-06-02T07:27:58 GMT-07:00">
  <testcase classname="mindtree.minds.Testcase2" name="Test4" time="15.409"/>
  <testcase classname="mindtree.minds.TestCase1" name="Test2" time="15.856"/>
  <testcase classname="mindtree.minds.Testcase3" name="Test1" time="39.933"/>
  <testcase classname="mindtree.minds.Trackorder" name="Test3" time="10.068"/>
</testsuite> <!-- Test -->
